<?xml version="1.0" encoding="utf-8"?><testsuites name="pytest tests"><testsuite name="pytest" errors="0" failures="1" skipped="0" tests="8" time="1.766" timestamp="2026-04-02T16:50:14.430315+00:00" hostname="agent-env-e33148d4-726f-4eea-8bc8-9081223a0b22"><testcase classname="backend.tests.test_instagram_features" name="test_get_instagram_api_settings" time="0.560" /><testcase classname="backend.tests.test_instagram_features" name="test_put_instagram_api_settings" time="0.119"><failure message="assert (None == 'meu_token_123' or 'salvo' in &quot;{'message': 'configurações do instagram salvas com sucesso'}&quot; or 'success' in &quot;{'message': 'configurações do instagram salvas com sucesso'}&quot;)&#10; +  where None = &lt;built-in method get of dict object at 0xf9fde4069b00&gt;('verify_token')&#10; +    where &lt;built-in method get of dict object at 0xf9fde4069b00&gt; = {'message': 'Configurações do Instagram salvas com sucesso'}.get&#10; +  and   &quot;{'message': 'configurações do instagram salvas com sucesso'}&quot; = &lt;built-in method lower of str object at 0xf9fde3fa0530&gt;()&#10; +    where &lt;built-in method lower of str object at 0xf9fde3fa0530&gt; = &quot;{'message': 'Configurações do Instagram salvas com sucesso'}&quot;.lower&#10; +      where &quot;{'message': 'Configurações do Instagram salvas com sucesso'}&quot; = str({'message': 'Configurações do Instagram salvas com sucesso'})&#10; +  and   &quot;{'message': 'configurações do instagram salvas com sucesso'}&quot; = &lt;built-in method lower of str object at 0xf9fde3fa05d0&gt;()&#10; +    where &lt;built-in method lower of str object at 0xf9fde3fa05d0&gt; = &quot;{'message': 'Configurações do Instagram salvas com sucesso'}&quot;.lower&#10; +      where &quot;{'message': 'Configurações do Instagram salvas com sucesso'}&quot; = str({'message': 'Configurações do Instagram salvas com sucesso'})">backend/tests/test_instagram_features.py:38: in test_put_instagram_api_settings
    assert data.get("verify_token") == "meu_token_123" or "salvo" in str(data).lower() or "success" in str(data).lower()
E   assert (None == 'meu_token_123' or 'salvo' in "{'message': 'configurações do instagram salvas com sucesso'}" or 'success' in "{'message': 'configurações do instagram salvas com sucesso'}")
E    +  where None = &lt;built-in method get of dict object at 0xf9fde4069b00&gt;('verify_token')
E    +    where &lt;built-in method get of dict object at 0xf9fde4069b00&gt; = {'message': 'Configurações do Instagram salvas com sucesso'}.get
E    +  and   "{'message': 'configurações do instagram salvas com sucesso'}" = &lt;built-in method lower of str object at 0xf9fde3fa0530&gt;()
E    +    where &lt;built-in method lower of str object at 0xf9fde3fa0530&gt; = "{'message': 'Configurações do Instagram salvas com sucesso'}".lower
E    +      where "{'message': 'Configurações do Instagram salvas com sucesso'}" = str({'message': 'Configurações do Instagram salvas com sucesso'})
E    +  and   "{'message': 'configurações do instagram salvas com sucesso'}" = &lt;built-in method lower of str object at 0xf9fde3fa05d0&gt;()
E    +    where &lt;built-in method lower of str object at 0xf9fde3fa05d0&gt; = "{'message': 'Configurações do Instagram salvas com sucesso'}".lower
E    +      where "{'message': 'Configurações do Instagram salvas com sucesso'}" = str({'message': 'Configurações do Instagram salvas com sucesso'})</failure></testcase><testcase classname="backend.tests.test_instagram_features" name="test_get_instagram_api_settings_after_save" time="0.211" /><testcase classname="backend.tests.test_instagram_features" name="test_get_instagram_pipeline_stages" time="0.117" /><testcase classname="backend.tests.test_instagram_features" name="test_get_instagram_pipeline_deals" time="0.100" /><testcase classname="backend.tests.test_instagram_features" name="test_get_instagram_conversations" time="0.157" /><testcase classname="backend.tests.test_instagram_features" name="test_webhook_instagram_get_verify" time="0.111" /><testcase classname="backend.tests.test_instagram_features" name="test_webhook_instagram_wrong_token" time="0.165" /></testsuite></testsuites>